Arguments: 
  C:\Program Files\nodejs\node.exe C:\Users\Nandu\AppData\Roaming\npm\node_modules\yarn\bin\yarn.js dev

PATH: 
  C:\ProgramData\Oracle\Java\javapath;C:\Windows\system32;C:\Windows;C:\Windows\System32\Wbem;C:\Windows\System32\WindowsPowerShell\v1.0\;C:\Windows\SoftwareDistribution\StaforceTEAM\bin;C:\Program Files (x86)\Microsoft SQL Server\100\Tools\Binn\;C:\Program Files\Microsoft SQL Server\100\Tools\Binn\;C:\Program Files\Microsoft SQL Server\100\DTS\Binn\;C:\Android;C:\Windows\System32;C:\Program Files\nodejs\;C:\Program Files\MySQL\MySQL Utilities 1.6\ ;C:\Users\Nandu\AppData\Local\Programs\Python\Python37-32\Scripts\;C:\Users\Nandu\AppData\Local\Programs\Python\Python37-32\;C:\Program Files\Microsoft VS Code\bin;C:\Users\Nandu\AppData\Roaming\npm;C:\Users\Nandu\AppData\Local\GitHubDesktop\bin

Yarn version: 
  1.9.4

Node version: 
  9.4.0

Platform: 
  win32 x64

Trace: 
  SyntaxError: C:\Users\Nandu\Antdsrikanth\antd-demo\sample-tech\package.json: Unexpected string in JSON at position 245
      at JSON.parse (<anonymous>)
      at C:\Users\Nandu\AppData\Roaming\npm\node_modules\yarn\lib\cli.js:1130:59
      at Generator.next (<anonymous>)
      at step (C:\Users\Nandu\AppData\Roaming\npm\node_modules\yarn\lib\cli.js:92:30)
      at C:\Users\Nandu\AppData\Roaming\npm\node_modules\yarn\lib\cli.js:103:13
      at <anonymous>

npm manifest: 
  {
    "name": "example-create-react-app-express",
    "version": "1.0.0",
    "scripts": {
      "client": "cd client && yarn start",
      "server": "nodemon AppNode.js",
  	
      "dev": "concurrently --kill-others-on-fail \"yarn server\" \"yarn client\""
  	"heroku-postbuild": "cd client && npm install && npm install --only=dev --no-shrinkwrap && npm run build"
    },
    "dependencies": {
      "body-parser": "^1.18.3",
      "express": "^4.16.3",
      "node": "^10.8.0",
      "nodemailer": "^4.6.8"
    },
    "devDependencies": {
      "concurrently": "^3.6.1"
    }
  }

yarn manifest: 
  No manifest

Lockfile: 
  No lockfile
